2025-11-07 14:30:17,652 DEBUG    root            Loaded Command Group: ['gcloud', 'components']
2025-11-07 14:30:17,687 DEBUG    root            Loaded Command Group: ['gcloud', 'components', 'update']
2025-11-07 14:30:17,689 DEBUG    root            Running [gcloud.components.update] with arguments: [--quiet: "True", COMPONENT-IDS:8: "['gcloud', 'core', 'bq', 'gsutil', 'compute', 'preview', 'alpha', 'beta']"]
2025-11-07 14:30:17,690 INFO     ___FILE_ONLY___ Beginning update. This process may take several minutes.

2025-11-07 14:30:17,698 DEBUG    urllib3.connectionpool Starting new HTTPS connection (1): dl.google.com:443
2025-11-07 14:30:17,723 DEBUG    urllib3.connectionpool https://dl.google.com:443 "GET /dl/cloudsdk/channels/rapid/components-2.json HTTP/1.1" 200 233158
2025-11-07 14:30:17,737 WARNING  root            Component [compute] no longer exists.
2025-11-07 14:30:17,738 INFO     ___FILE_ONLY___ 

2025-11-07 14:30:17,738 INFO     ___FILE_ONLY___ 
Your current Google Cloud CLI version is: 546.0.0

2025-11-07 14:30:17,738 INFO     ___FILE_ONLY___ Installing components from version: 546.0.0

2025-11-07 14:30:17,738 INFO     ___FILE_ONLY___ 

2025-11-07 14:30:17,738 DEBUG    root            Chosen display Format:table[box,title="These components will be removed."](details.display_name:label=Name:align=left,version.version_string:label=Version:align=right,data.size.size(zero="",min=1048576):label=Size:align=right)
2025-11-07 14:30:17,739 DEBUG    root            Chosen display Format:table[box,title="These components will be updated."](details.display_name:label=Name:align=left,version.version_string:label=Version:align=right,data.size.size(zero="",min=1048576):label=Size:align=right)
2025-11-07 14:30:17,739 DEBUG    root            Chosen display Format:table[box,title="These components will be installed."](details.display_name:label=Name:align=left,version.version_string:label=Version:align=right,data.size.size(zero="",min=1048576):label=Size:align=right)
2025-11-07 14:30:17,756 INFO     ___FILE_ONLY___ ┌────────────────────────────────────────────────┐
2025-11-07 14:30:17,756 INFO     ___FILE_ONLY___ 

2025-11-07 14:30:17,756 INFO     ___FILE_ONLY___ │      These components will be installed.       │
2025-11-07 14:30:17,756 INFO     ___FILE_ONLY___ 

2025-11-07 14:30:17,756 INFO     ___FILE_ONLY___ ├─────────────────────────┬────────────┬─────────┤
2025-11-07 14:30:17,756 INFO     ___FILE_ONLY___ 

2025-11-07 14:30:17,756 INFO     ___FILE_ONLY___ │           Name          │  Version   │   Size  │
2025-11-07 14:30:17,756 INFO     ___FILE_ONLY___ 

2025-11-07 14:30:17,756 INFO     ___FILE_ONLY___ ├─────────────────────────┼────────────┼─────────┤
2025-11-07 14:30:17,756 INFO     ___FILE_ONLY___ 

2025-11-07 14:30:17,756 INFO     ___FILE_ONLY___ │ 
2025-11-07 14:30:17,756 INFO     ___FILE_ONLY___ gcloud Alpha Commands  
2025-11-07 14:30:17,756 INFO     ___FILE_ONLY___  
2025-11-07 14:30:17,757 INFO     ___FILE_ONLY___ │ 
2025-11-07 14:30:17,757 INFO     ___FILE_ONLY___ 2025.10.31
2025-11-07 14:30:17,757 INFO     ___FILE_ONLY___  
2025-11-07 14:30:17,757 INFO     ___FILE_ONLY___ │ 
2025-11-07 14:30:17,757 INFO     ___FILE_ONLY___ < 1 MiB
2025-11-07 14:30:17,757 INFO     ___FILE_ONLY___  
2025-11-07 14:30:17,757 INFO     ___FILE_ONLY___ │
2025-11-07 14:30:17,757 INFO     ___FILE_ONLY___ 

2025-11-07 14:30:17,757 INFO     ___FILE_ONLY___ │ 
2025-11-07 14:30:17,757 INFO     ___FILE_ONLY___ gcloud Beta Commands   
2025-11-07 14:30:17,757 INFO     ___FILE_ONLY___  
2025-11-07 14:30:17,757 INFO     ___FILE_ONLY___ │ 
2025-11-07 14:30:17,757 INFO     ___FILE_ONLY___ 2025.10.31
2025-11-07 14:30:17,757 INFO     ___FILE_ONLY___  
2025-11-07 14:30:17,757 INFO     ___FILE_ONLY___ │ 
2025-11-07 14:30:17,758 INFO     ___FILE_ONLY___ < 1 MiB
2025-11-07 14:30:17,758 INFO     ___FILE_ONLY___  
2025-11-07 14:30:17,758 INFO     ___FILE_ONLY___ │
2025-11-07 14:30:17,758 INFO     ___FILE_ONLY___ 

2025-11-07 14:30:17,758 INFO     ___FILE_ONLY___ │ 
2025-11-07 14:30:17,758 INFO     ___FILE_ONLY___ gcloud Preview Commands
2025-11-07 14:30:17,758 INFO     ___FILE_ONLY___  
2025-11-07 14:30:17,758 INFO     ___FILE_ONLY___ │ 
2025-11-07 14:30:17,758 INFO     ___FILE_ONLY___           
2025-11-07 14:30:17,758 INFO     ___FILE_ONLY___  
2025-11-07 14:30:17,758 INFO     ___FILE_ONLY___ │ 
2025-11-07 14:30:17,758 INFO     ___FILE_ONLY___ < 1 MiB
2025-11-07 14:30:17,758 INFO     ___FILE_ONLY___  
2025-11-07 14:30:17,758 INFO     ___FILE_ONLY___ │
2025-11-07 14:30:17,758 INFO     ___FILE_ONLY___ 

2025-11-07 14:30:17,758 INFO     ___FILE_ONLY___ └─────────────────────────┴────────────┴─────────┘
2025-11-07 14:30:17,758 INFO     ___FILE_ONLY___ 

2025-11-07 14:30:17,758 INFO     ___FILE_ONLY___ 

2025-11-07 14:30:17,761 DEBUG    urllib3.connectionpool Starting new HTTPS connection (1): dl.google.com:443
2025-11-07 14:30:17,787 DEBUG    urllib3.connectionpool https://dl.google.com:443 "GET /dl/cloudsdk/channels/rapid/RELEASE_NOTES HTTP/1.1" 200 1514051
2025-11-07 14:30:18,314 INFO     ___FILE_ONLY___ For the latest full release notes, please visit:
  https://cloud.google.com/sdk/release_notes


2025-11-07 14:30:18,314 INFO     ___FILE_ONLY___ Performing in place update...


2025-11-07 14:30:18,316 INFO     ___FILE_ONLY___ ╔════════════════════════════════════════════════════════════╗

2025-11-07 14:30:18,316 INFO     ___FILE_ONLY___ ╠═ Downloading: gcloud Alpha Commands                       ═╣

2025-11-07 14:30:18,317 INFO     ___FILE_ONLY___ ╚
2025-11-07 14:30:18,319 DEBUG    urllib3.connectionpool Starting new HTTPS connection (1): dl.google.com:443
2025-11-07 14:30:18,412 DEBUG    urllib3.connectionpool https://dl.google.com:443 "GET /dl/cloudsdk/channels/rapid/components/google-cloud-sdk-alpha-20251031202127.tar.gz HTTP/1.1" 200 800
2025-11-07 14:30:18,412 INFO     ___FILE_ONLY___ ════════════════════════════════════════════════════════════
2025-11-07 14:30:18,412 INFO     ___FILE_ONLY___ ╝

2025-11-07 14:30:18,414 INFO     ___FILE_ONLY___ ╔════════════════════════════════════════════════════════════╗

2025-11-07 14:30:18,414 INFO     ___FILE_ONLY___ ╠═ Downloading: gcloud Beta Commands                        ═╣

2025-11-07 14:30:18,415 INFO     ___FILE_ONLY___ ╚
2025-11-07 14:30:18,417 DEBUG    urllib3.connectionpool Starting new HTTPS connection (1): dl.google.com:443
2025-11-07 14:30:18,629 DEBUG    urllib3.connectionpool https://dl.google.com:443 "GET /dl/cloudsdk/channels/rapid/components/google-cloud-sdk-beta-20251031202127.tar.gz HTTP/1.1" 200 797
2025-11-07 14:30:18,630 INFO     ___FILE_ONLY___ ════════════════════════════════════════════════════════════
2025-11-07 14:30:18,630 INFO     ___FILE_ONLY___ ╝

2025-11-07 14:30:18,632 INFO     ___FILE_ONLY___ ╔════════════════════════════════════════════════════════════╗

2025-11-07 14:30:18,633 INFO     ___FILE_ONLY___ ╠═ Downloading: gcloud Preview Commands                     ═╣

2025-11-07 14:30:18,633 INFO     ___FILE_ONLY___ ╚
2025-11-07 14:30:18,636 DEBUG    urllib3.connectionpool Starting new HTTPS connection (1): dl.google.com:443
2025-11-07 14:30:18,787 DEBUG    urllib3.connectionpool https://dl.google.com:443 "GET /dl/cloudsdk/channels/rapid/components/google-cloud-sdk-preview-20241115154308.tar.gz HTTP/1.1" 200 823
2025-11-07 14:30:18,788 INFO     ___FILE_ONLY___ ════════════════════════════════════════════════════════════
2025-11-07 14:30:18,788 INFO     ___FILE_ONLY___ ╝

2025-11-07 14:30:18,790 INFO     ___FILE_ONLY___ ╔════════════════════════════════════════════════════════════╗

2025-11-07 14:30:18,790 INFO     ___FILE_ONLY___ ╠═ Installing: gcloud Alpha Commands                        ═╣

2025-11-07 14:30:18,790 INFO     ___FILE_ONLY___ ╚
2025-11-07 14:30:18,791 INFO     ___FILE_ONLY___ ════════════════════════════════════════════════════════════
2025-11-07 14:30:18,791 INFO     ___FILE_ONLY___ ╝

2025-11-07 14:30:18,796 INFO     ___FILE_ONLY___ ╔════════════════════════════════════════════════════════════╗

2025-11-07 14:30:18,797 INFO     ___FILE_ONLY___ ╠═ Installing: gcloud Beta Commands                         ═╣

2025-11-07 14:30:18,797 INFO     ___FILE_ONLY___ ╚
2025-11-07 14:30:18,797 INFO     ___FILE_ONLY___ ════════════════════════════════════════════════════════════
2025-11-07 14:30:18,798 INFO     ___FILE_ONLY___ ╝

2025-11-07 14:30:18,803 INFO     ___FILE_ONLY___ ╔════════════════════════════════════════════════════════════╗

2025-11-07 14:30:18,804 INFO     ___FILE_ONLY___ ╠═ Installing: gcloud Preview Commands                      ═╣

2025-11-07 14:30:18,804 INFO     ___FILE_ONLY___ ╚
2025-11-07 14:30:18,804 INFO     ___FILE_ONLY___ ════════════════════════════════════════════════════════════
2025-11-07 14:30:18,804 INFO     ___FILE_ONLY___ ╝

2025-11-07 14:30:18,809 DEBUG    root            Updating notification cache...
2025-11-07 14:30:18,810 INFO     ___FILE_ONLY___ 

2025-11-07 14:30:18,812 INFO     ___FILE_ONLY___ Performing post processing steps...
2025-11-07 14:30:18,812 DEBUG    root            Executing command: ['/tools/google-cloud-sdk/bin/gcloud', 'components', 'post-process']
2025-11-07 14:30:28,723 DEBUG    ___FILE_ONLY___ 
2025-11-07 14:30:28,723 DEBUG    ___FILE_ONLY___ 
2025-11-07 14:30:28,830 INFO     root            descriptor_list: [{'universeDomain': 'googleapis.com', 'universeShortName': '', 'authenticationDomain': 'auth.cloud.google.com', 'projectPrefix': '', 'cloudWebDomain': 'cloud.google.com', 'documentationDomain': 'cloud.google.com', 'version': '1.0.0', 'state': 'primary', 'artifactRegistryDomain': 'pkg.dev'}]
2025-11-07 14:30:28,831 INFO     ___FILE_ONLY___ 
Update done!


2025-11-07 14:30:28,833 DEBUG    root            Chosen display Format:none
2025-11-07 14:30:28,833 INFO     root            Display format: "none"
